<?xml version="1.0" encoding="UTF-8"?>
<coverage generated="1701127694769" clover="3.2.0">
  <project timestamp="1701127694769" name="All files">
    <metrics statements="95" coveredstatements="83" conditionals="59" coveredconditionals="50" methods="11" coveredmethods="11" elements="165" coveredelements="144" complexity="0" loc="95" ncloc="95" packages="1" files="3" classes="3"/>
    <file name="calculateCarValue.js" path="/Users/vatthana/Programming/Mission Ready/Level 5 /Missions/Mission 3/Azure/Mission-3-azure/dist/routes/calculateCarValue.js">
      <metrics statements="35" coveredstatements="29" conditionals="23" coveredconditionals="18" methods="5" coveredmethods="5"/>
      <line num="2" count="1" type="cond" truecount="3" falsecount="0"/>
      <line num="3" count="1" type="cond" truecount="3" falsecount="1"/>
      <line num="5" count="1" type="stmt"/>
      <line num="6" count="1" type="stmt"/>
      <line num="7" count="1" type="stmt"/>
      <line num="8" count="1" type="stmt"/>
      <line num="12" count="5" type="stmt"/>
      <line num="13" count="5" type="cond" truecount="2" falsecount="0"/>
      <line num="14" count="1" type="stmt"/>
      <line num="16" count="4" type="cond" truecount="1" falsecount="1"/>
      <line num="17" count="0" type="stmt"/>
      <line num="19" count="4" type="cond" truecount="2" falsecount="0"/>
      <line num="20" count="2" type="stmt"/>
      <line num="22" count="2" type="cond" truecount="2" falsecount="0"/>
      <line num="23" count="1" type="stmt"/>
      <line num="26" count="1" type="stmt"/>
      <line num="29" count="1" type="cond" truecount="3" falsecount="1"/>
      <line num="31" count="0" type="cond" truecount="0" falsecount="2"/>
      <line num="32" count="0" type="stmt"/>
      <line num="36" count="0" type="stmt"/>
      <line num="40" count="1" type="stmt"/>
      <line num="43" count="5" type="stmt"/>
      <line num="44" count="5" type="stmt"/>
      <line num="48" count="1" type="stmt"/>
      <line num="51" count="0" type="stmt"/>
      <line num="54" count="1" type="stmt"/>
      <line num="55" count="1" type="stmt"/>
      <line num="56" count="5" type="stmt"/>
      <line num="57" count="5" type="stmt"/>
      <line num="58" count="5" type="stmt"/>
      <line num="60" count="5" type="cond" truecount="2" falsecount="0"/>
      <line num="61" count="4" type="stmt"/>
      <line num="64" count="1" type="stmt"/>
      <line num="67" count="0" type="stmt"/>
      <line num="70" count="1" type="stmt"/>
    </file>
    <file name="calculateQuote.js" path="/Users/vatthana/Programming/Mission Ready/Level 5 /Missions/Mission 3/Azure/Mission-3-azure/dist/routes/calculateQuote.js">
      <metrics statements="25" coveredstatements="23" conditionals="17" coveredconditionals="16" methods="3" coveredmethods="3"/>
      <line num="2" count="1" type="cond" truecount="3" falsecount="0"/>
      <line num="3" count="1" type="cond" truecount="3" falsecount="1"/>
      <line num="5" count="1" type="stmt"/>
      <line num="6" count="1" type="stmt"/>
      <line num="7" count="1" type="stmt"/>
      <line num="11" count="4" type="stmt"/>
      <line num="13" count="4" type="cond" truecount="2" falsecount="0"/>
      <line num="14" count="1" type="stmt"/>
      <line num="17" count="3" type="cond" truecount="2" falsecount="0"/>
      <line num="18" count="1" type="stmt"/>
      <line num="21" count="2" type="cond" truecount="4" falsecount="0"/>
      <line num="22" count="1" type="stmt"/>
      <line num="25" count="1" type="stmt"/>
      <line num="27" count="1" type="stmt"/>
      <line num="29" count="1" type="stmt"/>
      <line num="35" count="0" type="stmt"/>
      <line num="38" count="1" type="stmt"/>
      <line num="39" count="4" type="stmt"/>
      <line num="41" count="4" type="stmt"/>
      <line num="43" count="4" type="stmt"/>
      <line num="45" count="4" type="cond" truecount="2" falsecount="0"/>
      <line num="46" count="3" type="stmt"/>
      <line num="49" count="1" type="stmt"/>
      <line num="52" count="0" type="stmt"/>
      <line num="55" count="1" type="stmt"/>
    </file>
    <file name="calculatingRisk.js" path="/Users/vatthana/Programming/Mission Ready/Level 5 /Missions/Mission 3/Azure/Mission-3-azure/dist/routes/calculatingRisk.js">
      <metrics statements="35" coveredstatements="31" conditionals="19" coveredconditionals="16" methods="3" coveredmethods="3"/>
      <line num="2" count="1" type="cond" truecount="3" falsecount="0"/>
      <line num="3" count="1" type="cond" truecount="3" falsecount="1"/>
      <line num="5" count="1" type="stmt"/>
      <line num="6" count="1" type="stmt"/>
      <line num="7" count="1" type="stmt"/>
      <line num="8" count="1" type="stmt"/>
      <line num="12" count="3" type="stmt"/>
      <line num="14" count="3" type="cond" truecount="2" falsecount="0"/>
      <line num="15" count="1" type="stmt"/>
      <line num="18" count="2" type="cond" truecount="2" falsecount="0"/>
      <line num="19" count="1" type="stmt"/>
      <line num="22" count="1" type="stmt"/>
      <line num="24" count="1" type="stmt"/>
      <line num="26" count="1" type="stmt"/>
      <line num="27" count="1" type="stmt"/>
      <line num="30" count="5" type="stmt"/>
      <line num="31" count="5" type="stmt"/>
      <line num="32" count="5" type="cond" truecount="2" falsecount="0"/>
      <line num="33" count="3" type="stmt"/>
      <line num="37" count="1" type="cond" truecount="1" falsecount="1"/>
      <line num="38" count="0" type="stmt"/>
      <line num="40" count="1" type="cond" truecount="1" falsecount="1"/>
      <line num="41" count="0" type="stmt"/>
      <line num="44" count="1" type="stmt"/>
      <line num="47" count="0" type="stmt"/>
      <line num="50" count="1" type="stmt"/>
      <line num="51" count="1" type="stmt"/>
      <line num="52" count="3" type="stmt"/>
      <line num="53" count="3" type="stmt"/>
      <line num="54" count="3" type="stmt"/>
      <line num="56" count="3" type="cond" truecount="2" falsecount="0"/>
      <line num="57" count="2" type="stmt"/>
      <line num="60" count="1" type="stmt"/>
      <line num="63" count="0" type="stmt"/>
      <line num="66" count="1" type="stmt"/>
    </file>
  </project>
</coverage>
