TN:
SF:dist/routes/calculateCarValue.js
FN:2,(anonymous_0)
FN:11,calculateCarValue
FN:43,(anonymous_2)
FN:44,(anonymous_3)
FN:55,(anonymous_4)
FNF:5
FNH:5
FNDA:1,(anonymous_0)
FNDA:5,calculateCarValue
FNDA:5,(anonymous_2)
FNDA:5,(anonymous_3)
FNDA:5,(anonymous_4)
DA:2,1
DA:3,1
DA:5,1
DA:6,1
DA:7,1
DA:8,1
DA:12,5
DA:13,5
DA:14,1
DA:16,4
DA:17,0
DA:19,4
DA:20,2
DA:22,2
DA:23,1
DA:26,1
DA:29,1
DA:31,0
DA:32,0
DA:36,0
DA:40,1
DA:43,5
DA:44,5
DA:48,1
DA:51,0
DA:54,1
DA:55,1
DA:56,5
DA:57,5
DA:58,5
DA:60,5
DA:61,4
DA:64,1
DA:67,0
DA:70,1
LF:35
LH:29
BRDA:2,0,0,1
BRDA:2,0,1,1
BRDA:2,0,2,1
BRDA:3,1,0,0
BRDA:3,1,1,1
BRDA:3,2,0,1
BRDA:3,2,1,1
BRDA:13,3,0,1
BRDA:13,3,1,4
BRDA:16,4,0,0
BRDA:16,4,1,4
BRDA:19,5,0,2
BRDA:19,5,1,2
BRDA:22,6,0,1
BRDA:22,6,1,1
BRDA:29,7,0,0
BRDA:29,7,1,1
BRDA:29,8,0,1
BRDA:29,8,1,1
BRDA:31,9,0,0
BRDA:31,9,1,0
BRDA:60,10,0,4
BRDA:60,10,1,1
BRF:23
BRH:18
end_of_record
TN:
SF:dist/routes/calculateQuote.js
FN:2,(anonymous_0)
FN:10,calculateQuote
FN:38,(anonymous_2)
FNF:3
FNH:3
FNDA:1,(anonymous_0)
FNDA:4,calculateQuote
FNDA:4,(anonymous_2)
DA:2,1
DA:3,1
DA:5,1
DA:6,1
DA:7,1
DA:11,4
DA:13,4
DA:14,1
DA:17,3
DA:18,1
DA:21,2
DA:22,1
DA:25,1
DA:27,1
DA:29,1
DA:35,0
DA:38,1
DA:39,4
DA:41,4
DA:43,4
DA:45,4
DA:46,3
DA:49,1
DA:52,0
DA:55,1
LF:25
LH:23
BRDA:2,0,0,1
BRDA:2,0,1,1
BRDA:2,0,2,1
BRDA:3,1,0,0
BRDA:3,1,1,1
BRDA:3,2,0,1
BRDA:3,2,1,1
BRDA:13,3,0,1
BRDA:13,3,1,3
BRDA:17,4,0,1
BRDA:17,4,1,2
BRDA:21,5,0,1
BRDA:21,5,1,1
BRDA:21,6,0,2
BRDA:21,6,1,2
BRDA:45,7,0,3
BRDA:45,7,1,1
BRF:17
BRH:16
end_of_record
TN:
SF:dist/routes/calculatingRisk.js
FN:2,(anonymous_0)
FN:11,calculateRiskRating
FN:51,(anonymous_2)
FNF:3
FNH:3
FNDA:1,(anonymous_0)
FNDA:3,calculateRiskRating
FNDA:3,(anonymous_2)
DA:2,1
DA:3,1
DA:5,1
DA:6,1
DA:7,1
DA:8,1
DA:12,3
DA:14,3
DA:15,1
DA:18,2
DA:19,1
DA:22,1
DA:24,1
DA:26,1
DA:27,1
DA:30,5
DA:31,5
DA:32,5
DA:33,3
DA:37,1
DA:38,0
DA:40,1
DA:41,0
DA:44,1
DA:47,0
DA:50,1
DA:51,1
DA:52,3
DA:53,3
DA:54,3
DA:56,3
DA:57,2
DA:60,1
DA:63,0
DA:66,1
LF:35
LH:31
BRDA:2,0,0,1
BRDA:2,0,1,1
BRDA:2,0,2,1
BRDA:3,1,0,0
BRDA:3,1,1,1
BRDA:3,2,0,1
BRDA:3,2,1,1
BRDA:14,3,0,1
BRDA:14,3,1,2
BRDA:18,4,0,1
BRDA:18,4,1,1
BRDA:32,5,0,3
BRDA:32,5,1,2
BRDA:37,6,0,0
BRDA:37,6,1,1
BRDA:40,7,0,0
BRDA:40,7,1,1
BRDA:56,8,0,2
BRDA:56,8,1,1
BRF:19
BRH:16
end_of_record
